::1 - - [01/Mar/2021:21:58:34 +0000] "GET / HTTP/1.1" 200 1789 "-" "Mozilla/5.0 (Windows NT 10.0; Win64; x64) AppleWebKit/537.36 (KHTML, like Gecko) Chrome/88.0.4324.150 Safari/537.36"
::1 - - [01/Mar/2021:21:58:34 +0000] "GET /stylesheets/style.css HTTP/1.1" 200 110 "http://localhost:3000/" "Mozilla/5.0 (Windows NT 10.0; Win64; x64) AppleWebKit/537.36 (KHTML, like Gecko) Chrome/88.0.4324.150 Safari/537.36"
::1 - - [01/Mar/2021:21:58:34 +0000] "GET /angular-animate/angular-animate.min.js HTTP/1.1" 200 26809 "http://localhost:3000/" "Mozilla/5.0 (Windows NT 10.0; Win64; x64) AppleWebKit/537.36 (KHTML, like Gecko) Chrome/88.0.4324.150 Safari/537.36"
::1 - - [01/Mar/2021:21:58:34 +0000] "GET /angular/angular.min.js HTTP/1.1" 200 177366 "http://localhost:3000/" "Mozilla/5.0 (Windows NT 10.0; Win64; x64) AppleWebKit/537.36 (KHTML, like Gecko) Chrome/88.0.4324.150 Safari/537.36"
::1 - - [01/Mar/2021:21:58:34 +0000] "GET /angular-material/angular-material.min.css HTTP/1.1" 200 194452 "http://localhost:3000/" "Mozilla/5.0 (Windows NT 10.0; Win64; x64) AppleWebKit/537.36 (KHTML, like Gecko) Chrome/88.0.4324.150 Safari/537.36"
::1 - - [01/Mar/2021:21:58:34 +0000] "GET /angular-aria/angular-aria.min.js HTTP/1.1" 200 4203 "http://localhost:3000/" "Mozilla/5.0 (Windows NT 10.0; Win64; x64) AppleWebKit/537.36 (KHTML, like Gecko) Chrome/88.0.4324.150 Safari/537.36"
::1 - - [01/Mar/2021:21:58:34 +0000] "GET /jquery/dist/jquery.js HTTP/1.1" 200 257551 "http://localhost:3000/" "Mozilla/5.0 (Windows NT 10.0; Win64; x64) AppleWebKit/537.36 (KHTML, like Gecko) Chrome/88.0.4324.150 Safari/537.36"
::1 - - [01/Mar/2021:21:58:34 +0000] "GET /angular-route/angular-route.js HTTP/1.1" 200 46942 "http://localhost:3000/" "Mozilla/5.0 (Windows NT 10.0; Win64; x64) AppleWebKit/537.36 (KHTML, like Gecko) Chrome/88.0.4324.150 Safari/537.36"
::1 - - [01/Mar/2021:21:58:34 +0000] "GET /angular-resource/angular-resource.js HTTP/1.1" 200 38127 "http://localhost:3000/" "Mozilla/5.0 (Windows NT 10.0; Win64; x64) AppleWebKit/537.36 (KHTML, like Gecko) Chrome/88.0.4324.150 Safari/537.36"
::1 - - [01/Mar/2021:21:58:34 +0000] "GET /angular-material/angular-material.js HTTP/1.1" 200 597520 "http://localhost:3000/" "Mozilla/5.0 (Windows NT 10.0; Win64; x64) AppleWebKit/537.36 (KHTML, like Gecko) Chrome/88.0.4324.150 Safari/537.36"
::1 - - [01/Mar/2021:21:58:34 +0000] "GET /spark/dist/spark.min.js HTTP/1.1" 200 220745 "http://localhost:3000/" "Mozilla/5.0 (Windows NT 10.0; Win64; x64) AppleWebKit/537.36 (KHTML, like Gecko) Chrome/88.0.4324.150 Safari/537.36"
::1 - - [01/Mar/2021:21:58:34 +0000] "GET /js/led/ledCtrl.js HTTP/1.1" 200 282 "http://localhost:3000/" "Mozilla/5.0 (Windows NT 10.0; Win64; x64) AppleWebKit/537.36 (KHTML, like Gecko) Chrome/88.0.4324.150 Safari/537.36"
::1 - - [01/Mar/2021:21:58:34 +0000] "GET /js/cams/cam.js HTTP/1.1" 200 336 "http://localhost:3000/" "Mozilla/5.0 (Windows NT 10.0; Win64; x64) AppleWebKit/537.36 (KHTML, like Gecko) Chrome/88.0.4324.150 Safari/537.36"
::1 - - [01/Mar/2021:21:58:34 +0000] "GET /js/led/Led.js HTTP/1.1" 200 335 "http://localhost:3000/" "Mozilla/5.0 (Windows NT 10.0; Win64; x64) AppleWebKit/537.36 (KHTML, like Gecko) Chrome/88.0.4324.150 Safari/537.36"
::1 - - [01/Mar/2021:21:58:34 +0000] "GET /js/sideNavCtrl.js HTTP/1.1" 200 755 "http://localhost:3000/" "Mozilla/5.0 (Windows NT 10.0; Win64; x64) AppleWebKit/537.36 (KHTML, like Gecko) Chrome/88.0.4324.150 Safari/537.36"
::1 - - [01/Mar/2021:21:58:34 +0000] "GET /js/cams/camsCtrl.js HTTP/1.1" 200 873 "http://localhost:3000/" "Mozilla/5.0 (Windows NT 10.0; Win64; x64) AppleWebKit/537.36 (KHTML, like Gecko) Chrome/88.0.4324.150 Safari/537.36"
::1 - - [01/Mar/2021:21:58:34 +0000] "GET /js/app.js HTTP/1.1" 200 1504 "http://localhost:3000/" "Mozilla/5.0 (Windows NT 10.0; Win64; x64) AppleWebKit/537.36 (KHTML, like Gecko) Chrome/88.0.4324.150 Safari/537.36"
::1 - - [01/Mar/2021:21:58:34 +0000] "GET /favicon.ico HTTP/1.1" 404 2715 "http://localhost:3000/" "Mozilla/5.0 (Windows NT 10.0; Win64; x64) AppleWebKit/537.36 (KHTML, like Gecko) Chrome/88.0.4324.150 Safari/537.36"
::1 - - [01/Mar/2021:21:58:39 +0000] "GET /app-views/cameraOnline.html HTTP/1.1" 200 717 "http://localhost:3000/" "Mozilla/5.0 (Windows NT 10.0; Win64; x64) AppleWebKit/537.36 (KHTML, like Gecko) Chrome/88.0.4324.150 Safari/537.36"
::1 - - [01/Mar/2021:21:58:52 +0000] "GET /app-views/ledView.html HTTP/1.1" 200 165 "http://localhost:3000/" "Mozilla/5.0 (Windows NT 10.0; Win64; x64) AppleWebKit/537.36 (KHTML, like Gecko) Chrome/88.0.4324.150 Safari/537.36"
